2012/06/22 00:04:46 [error] [php] YiiBase::include(D:\AppServ\www\LUANVAN\protected\extensions\mail\YiiMailMessage.php) [<a href='yiibase.include'>yiibase.include</a>]: failed to open stream: No such file or directory (D:\AppServ\www\yii\framework\YiiBase.php:402)
Stack trace:
#0 D:\AppServ\www\LUANVAN\protected\controllers\TestEmailController.php(7): spl_autoload_call()
#1 D:\AppServ\www\yii\framework\web\actions\CInlineAction.php(50): TestEmailController->actionIndex()
#2 D:\AppServ\www\yii\framework\web\CController.php(300): CInlineAction->runWithParams()
#3 D:\AppServ\www\yii\framework\web\CController.php(278): TestEmailController->runAction()
#4 D:\AppServ\www\yii\framework\web\CController.php(257): TestEmailController->runActionWithFilters()
#5 D:\AppServ\www\yii\framework\web\CWebApplication.php(277): TestEmailController->run()
#6 D:\AppServ\www\yii\framework\web\CWebApplication.php(136): CWebApplication->runController()
#7 D:\AppServ\www\yii\framework\base\CApplication.php(158): CWebApplication->processRequest()
#8 D:\AppServ\www\LUANVAN\index.php(13): CWebApplication->run()
REQUEST_URI=/luanvan/index.php?r=testemail
in D:\AppServ\www\LUANVAN\protected\controllers\TestEmailController.php (7)
in D:\AppServ\www\LUANVAN\index.php (13)
2012/06/22 00:05:20 [error] [exception.CException] exception 'CException' with message 'Alias "ext.yii-mail.YiiMail" is invalid. Make sure it points to an existing PHP file.' in D:\AppServ\www\yii\framework\YiiBase.php:321
Stack trace:
#0 D:\AppServ\www\yii\framework\YiiBase.php(201): YiiBase::import('ext.yii-mail.Yi...', true)
#1 D:\AppServ\www\yii\framework\base\CModule.php(371): YiiBase::createComponent(Array)
#2 D:\AppServ\www\yii\framework\base\CModule.php(86): CModule->getComponent('mail')
#3 D:\AppServ\www\LUANVAN\protected\extensions\mail\YiiMailMessage.php(112): CModule->__get('mail')
#4 D:\AppServ\www\LUANVAN\protected\controllers\TestEmailController.php(7): YiiMailMessage->__construct()
#5 D:\AppServ\www\yii\framework\web\actions\CInlineAction.php(50): TestEmailController->actionIndex()
#6 D:\AppServ\www\yii\framework\web\CController.php(300): CInlineAction->runWithParams(Array)
#7 D:\AppServ\www\yii\framework\web\CController.php(278): CController->runAction(Object(CInlineAction))
#8 D:\AppServ\www\yii\framework\web\CController.php(257): CController->runActionWithFilters(Object(CInlineAction), Array)
#9 D:\AppServ\www\yii\framework\web\CWebApplication.php(277): CController->run('')
#10 D:\AppServ\www\yii\framework\web\CWebApplication.php(136): CWebApplication->runController('testemail')
#11 D:\AppServ\www\yii\framework\base\CApplication.php(158): CWebApplication->processRequest()
#12 D:\AppServ\www\LUANVAN\index.php(13): CApplication->run()
#13 {main} REQUEST_URI=/luanvan/index.php?r=testemail
2012/06/22 00:05:32 [error] [php] YiiBase::include(D:\AppServ\www\LUANVAN\protected\extensions\mail\YiiMailMessage.php) [<a href='yiibase.include'>yiibase.include</a>]: failed to open stream: No such file or directory (D:\AppServ\www\yii\framework\YiiBase.php:402)
Stack trace:
#0 D:\AppServ\www\LUANVAN\protected\controllers\TestEmailController.php(7): spl_autoload_call()
#1 D:\AppServ\www\yii\framework\web\actions\CInlineAction.php(50): TestEmailController->actionIndex()
#2 D:\AppServ\www\yii\framework\web\CController.php(300): CInlineAction->runWithParams()
#3 D:\AppServ\www\yii\framework\web\CController.php(278): TestEmailController->runAction()
#4 D:\AppServ\www\yii\framework\web\CController.php(257): TestEmailController->runActionWithFilters()
#5 D:\AppServ\www\yii\framework\web\CWebApplication.php(277): TestEmailController->run()
#6 D:\AppServ\www\yii\framework\web\CWebApplication.php(136): CWebApplication->runController()
#7 D:\AppServ\www\yii\framework\base\CApplication.php(158): CWebApplication->processRequest()
#8 D:\AppServ\www\LUANVAN\index.php(13): CWebApplication->run()
REQUEST_URI=/luanvan/index.php?r=testemail
in D:\AppServ\www\LUANVAN\protected\controllers\TestEmailController.php (7)
in D:\AppServ\www\LUANVAN\index.php (13)
2012/06/22 00:06:22 [error] [php] Invalid argument supplied for foreach() (D:\AppServ\www\LUANVAN\protected\extensions\yii-mail\YiiMail.php:212)
Stack trace:
#0 D:\AppServ\www\LUANVAN\protected\controllers\TestEmailController.php(12): YiiMail->send()
#1 D:\AppServ\www\yii\framework\web\actions\CInlineAction.php(50): TestEmailController->actionIndex()
#2 D:\AppServ\www\yii\framework\web\CController.php(300): CInlineAction->runWithParams()
#3 D:\AppServ\www\yii\framework\web\CController.php(278): TestEmailController->runAction()
#4 D:\AppServ\www\yii\framework\web\CController.php(257): TestEmailController->runActionWithFilters()
#5 D:\AppServ\www\yii\framework\web\CWebApplication.php(277): TestEmailController->run()
#6 D:\AppServ\www\yii\framework\web\CWebApplication.php(136): CWebApplication->runController()
#7 D:\AppServ\www\yii\framework\base\CApplication.php(158): CWebApplication->processRequest()
#8 D:\AppServ\www\LUANVAN\index.php(13): CWebApplication->run()
REQUEST_URI=/luanvan/index.php?r=testemail
in D:\AppServ\www\LUANVAN\protected\extensions\yii-mail\YiiMail.php (212)
in D:\AppServ\www\LUANVAN\protected\extensions\yii-mail\YiiMail.php (227)
in D:\AppServ\www\LUANVAN\protected\extensions\yii-mail\YiiMail.php (133)
2012/06/22 00:06:33 [error] [php] mail() [<a href='function.mail'>function.mail</a>]: Failed to connect to mailserver at &quot;localhost&quot; port 25, verify your &quot;SMTP&quot; and &quot;smtp_port&quot; setting in php.ini or use ini_set() (D:\AppServ\www\LUANVAN\protected\extensions\yii-mail\vendors\swiftMailer\classes\Swift\Transport\SimpleMailInvoker.php:50)
Stack trace:
#0 D:\AppServ\www\LUANVAN\protected\extensions\yii-mail\vendors\swiftMailer\classes\Swift\Mailer.php(77): Swift_MailTransport->send()
#1 D:\AppServ\www\LUANVAN\protected\extensions\yii-mail\YiiMail.php(133): Swift_Mailer->send()
#2 D:\AppServ\www\LUANVAN\protected\controllers\TestEmailController.php(12): YiiMail->send()
#3 D:\AppServ\www\yii\framework\web\actions\CInlineAction.php(50): TestEmailController->actionIndex()
#4 D:\AppServ\www\yii\framework\web\CController.php(300): CInlineAction->runWithParams()
#5 D:\AppServ\www\yii\framework\web\CController.php(278): TestEmailController->runAction()
#6 D:\AppServ\www\yii\framework\web\CController.php(257): TestEmailController->runActionWithFilters()
#7 D:\AppServ\www\yii\framework\web\CWebApplication.php(277): TestEmailController->run()
#8 D:\AppServ\www\yii\framework\web\CWebApplication.php(136): CWebApplication->runController()
#9 D:\AppServ\www\yii\framework\base\CApplication.php(158): CWebApplication->processRequest()
#10 D:\AppServ\www\LUANVAN\index.php(13): CWebApplication->run()
REQUEST_URI=/luanvan/index.php?r=testemail
in D:\AppServ\www\LUANVAN\protected\extensions\yii-mail\vendors\swiftMailer\classes\Swift\Transport\SimpleMailInvoker.php (50)
in D:\AppServ\www\LUANVAN\protected\extensions\yii-mail\vendors\swiftMailer\classes\Swift\Transport\MailTransport.php (173)
in D:\AppServ\www\LUANVAN\protected\extensions\yii-mail\vendors\swiftMailer\classes\Swift\Mailer.php (77)
2012/06/22 00:20:33 [error] [php] mail() [<a href='function.mail'>function.mail</a>]: Failed to connect to mailserver at &quot;localhost&quot; port 25, verify your &quot;SMTP&quot; and &quot;smtp_port&quot; setting in php.ini or use ini_set() (D:\AppServ\www\LUANVAN\protected\extensions\yii-mail\vendors\swiftMailer\classes\Swift\Transport\SimpleMailInvoker.php:50)
Stack trace:
#0 D:\AppServ\www\LUANVAN\protected\extensions\yii-mail\vendors\swiftMailer\classes\Swift\Mailer.php(77): Swift_MailTransport->send()
#1 D:\AppServ\www\LUANVAN\protected\extensions\yii-mail\YiiMail.php(133): Swift_Mailer->send()
#2 D:\AppServ\www\LUANVAN\protected\controllers\TestEmailController.php(12): YiiMail->send()
#3 D:\AppServ\www\yii\framework\web\actions\CInlineAction.php(50): TestEmailController->actionIndex()
#4 D:\AppServ\www\yii\framework\web\CController.php(300): CInlineAction->runWithParams()
#5 D:\AppServ\www\yii\framework\web\CController.php(278): TestEmailController->runAction()
#6 D:\AppServ\www\yii\framework\web\CController.php(257): TestEmailController->runActionWithFilters()
#7 D:\AppServ\www\yii\framework\web\CWebApplication.php(277): TestEmailController->run()
#8 D:\AppServ\www\yii\framework\web\CWebApplication.php(136): CWebApplication->runController()
#9 D:\AppServ\www\yii\framework\base\CApplication.php(158): CWebApplication->processRequest()
#10 D:\AppServ\www\LUANVAN\index.php(13): CWebApplication->run()
REQUEST_URI=/luanvan/index.php?r=testemail
in D:\AppServ\www\LUANVAN\protected\extensions\yii-mail\vendors\swiftMailer\classes\Swift\Transport\SimpleMailInvoker.php (50)
in D:\AppServ\www\LUANVAN\protected\extensions\yii-mail\vendors\swiftMailer\classes\Swift\Transport\MailTransport.php (173)
in D:\AppServ\www\LUANVAN\protected\extensions\yii-mail\vendors\swiftMailer\classes\Swift\Mailer.php (77)
2012/06/22 00:20:40 [error] [php] mail() [<a href='function.mail'>function.mail</a>]: Failed to connect to mailserver at &quot;localhost&quot; port 25, verify your &quot;SMTP&quot; and &quot;smtp_port&quot; setting in php.ini or use ini_set() (D:\AppServ\www\LUANVAN\protected\extensions\yii-mail\vendors\swiftMailer\classes\Swift\Transport\SimpleMailInvoker.php:50)
Stack trace:
#0 D:\AppServ\www\LUANVAN\protected\extensions\yii-mail\vendors\swiftMailer\classes\Swift\Mailer.php(77): Swift_MailTransport->send()
#1 D:\AppServ\www\LUANVAN\protected\extensions\yii-mail\YiiMail.php(133): Swift_Mailer->send()
#2 D:\AppServ\www\LUANVAN\protected\controllers\TestEmailController.php(12): YiiMail->send()
#3 D:\AppServ\www\yii\framework\web\actions\CInlineAction.php(50): TestEmailController->actionIndex()
#4 D:\AppServ\www\yii\framework\web\CController.php(300): CInlineAction->runWithParams()
#5 D:\AppServ\www\yii\framework\web\CController.php(278): TestEmailController->runAction()
#6 D:\AppServ\www\yii\framework\web\CController.php(257): TestEmailController->runActionWithFilters()
#7 D:\AppServ\www\yii\framework\web\CWebApplication.php(277): TestEmailController->run()
#8 D:\AppServ\www\yii\framework\web\CWebApplication.php(136): CWebApplication->runController()
#9 D:\AppServ\www\yii\framework\base\CApplication.php(158): CWebApplication->processRequest()
#10 D:\AppServ\www\LUANVAN\index.php(13): CWebApplication->run()
REQUEST_URI=/luanvan/index.php?r=testemail
in D:\AppServ\www\LUANVAN\protected\extensions\yii-mail\vendors\swiftMailer\classes\Swift\Transport\SimpleMailInvoker.php (50)
in D:\AppServ\www\LUANVAN\protected\extensions\yii-mail\vendors\swiftMailer\classes\Swift\Transport\MailTransport.php (173)
in D:\AppServ\www\LUANVAN\protected\extensions\yii-mail\vendors\swiftMailer\classes\Swift\Mailer.php (77)
2012/06/22 00:34:50 [error] [php] YiiBase::include(Swift_SmtpTransport.php) [<a href='yiibase.include'>yiibase.include</a>]: failed to open stream: No such file or directory (D:\AppServ\www\yii\framework\YiiBase.php:421)
Stack trace:
#0 D:\AppServ\www\LUANVAN\protected\controllers\TestEmailController.php(7): spl_autoload_call()
#1 D:\AppServ\www\yii\framework\web\actions\CInlineAction.php(50): TestEmailController->actionIndex()
#2 D:\AppServ\www\yii\framework\web\CController.php(300): CInlineAction->runWithParams()
#3 D:\AppServ\www\yii\framework\web\CController.php(278): TestEmailController->runAction()
#4 D:\AppServ\www\yii\framework\web\CController.php(257): TestEmailController->runActionWithFilters()
#5 D:\AppServ\www\yii\framework\web\CWebApplication.php(277): TestEmailController->run()
#6 D:\AppServ\www\yii\framework\web\CWebApplication.php(136): CWebApplication->runController()
#7 D:\AppServ\www\yii\framework\base\CApplication.php(158): CWebApplication->processRequest()
#8 D:\AppServ\www\LUANVAN\index.php(13): CWebApplication->run()
REQUEST_URI=/luanvan/index.php?r=testemail
in D:\AppServ\www\LUANVAN\protected\controllers\TestEmailController.php (7)
in D:\AppServ\www\LUANVAN\index.php (13)
2012/06/22 10:44:05 [error] [exception.SoapFault] SoapFault exception: [soapenv:Server] unknown in D:\AppServ\www\LUANVAN\protected\controllers\TestEmailController.php:9
Stack trace:
#0 [internal function]: SoapClient->__call('add', Array)
#1 D:\AppServ\www\LUANVAN\protected\controllers\TestEmailController.php(9): SoapClient->add(12, 13)
#2 D:\AppServ\www\yii\framework\web\actions\CInlineAction.php(50): TestEmailController->actionIndex()
#3 D:\AppServ\www\yii\framework\web\CController.php(300): CInlineAction->runWithParams(Array)
#4 D:\AppServ\www\yii\framework\web\CController.php(278): CController->runAction(Object(CInlineAction))
#5 D:\AppServ\www\yii\framework\web\CController.php(257): CController->runActionWithFilters(Object(CInlineAction), Array)
#6 D:\AppServ\www\yii\framework\web\CWebApplication.php(277): CController->run('')
#7 D:\AppServ\www\yii\framework\web\CWebApplication.php(136): CWebApplication->runController('testemail')
#8 D:\AppServ\www\yii\framework\base\CApplication.php(158): CWebApplication->processRequest()
#9 D:\AppServ\www\LUANVAN\index.php(13): CApplication->run()
#10 {main} REQUEST_URI=/luanvan/index.php?r=testemail
2012/06/22 11:00:33 [error] [php] Missing argument 1 for CAction::__construct(), called in D:\AppServ\www\LUANVAN\protected\controllers\TestEmailController.php on line 8 and defined (D:\AppServ\www\yii\framework\web\actions\CAction.php:37)
Stack trace:
#0 D:\AppServ\www\yii\framework\web\CController.php(300): CInlineAction->runWithParams()
#1 D:\AppServ\www\yii\framework\web\CController.php(278): TestEmailController->runAction()
#2 D:\AppServ\www\yii\framework\web\CController.php(257): TestEmailController->runActionWithFilters()
#3 D:\AppServ\www\yii\framework\web\CWebApplication.php(277): TestEmailController->run()
#4 D:\AppServ\www\yii\framework\web\CWebApplication.php(136): CWebApplication->runController()
#5 D:\AppServ\www\yii\framework\base\CApplication.php(158): CWebApplication->processRequest()
#6 D:\AppServ\www\LUANVAN\index.php(13): CWebApplication->run()
REQUEST_URI=/luanvan/index.php?r=testemail
in D:\AppServ\www\LUANVAN\protected\controllers\TestEmailController.php (8)
in D:\AppServ\www\LUANVAN\index.php (13)
2012/06/22 11:05:10 [error] [php] Object of class SoapClient could not be converted to string (D:\AppServ\www\LUANVAN\protected\controllers\TestEmailController.php:9)
Stack trace:
#0 D:\AppServ\www\yii\framework\web\CController.php(278): TestEmailController->runAction()
#1 D:\AppServ\www\yii\framework\web\CController.php(257): TestEmailController->runActionWithFilters()
#2 D:\AppServ\www\yii\framework\web\CWebApplication.php(277): TestEmailController->run()
#3 D:\AppServ\www\yii\framework\web\CWebApplication.php(136): CWebApplication->runController()
#4 D:\AppServ\www\yii\framework\base\CApplication.php(158): CWebApplication->processRequest()
#5 D:\AppServ\www\LUANVAN\index.php(13): CWebApplication->run()
REQUEST_URI=/luanvan/?r=testemail
in D:\AppServ\www\LUANVAN\protected\controllers\TestEmailController.php (9)
in D:\AppServ\www\LUANVAN\index.php (13)
2012/06/22 11:05:24 [error] [exception.SoapFault] SoapFault exception: [soapenv:Server] unknown in D:\AppServ\www\LUANVAN\protected\controllers\TestEmailController.php:9
Stack trace:
#0 [internal function]: SoapClient->__call('add', Array)
#1 D:\AppServ\www\LUANVAN\protected\controllers\TestEmailController.php(9): SoapClient->add(12, 13)
#2 D:\AppServ\www\yii\framework\web\actions\CInlineAction.php(50): TestEmailController->actionIndex()
#3 D:\AppServ\www\yii\framework\web\CController.php(300): CInlineAction->runWithParams(Array)
#4 D:\AppServ\www\yii\framework\web\CController.php(278): CController->runAction(Object(CInlineAction))
#5 D:\AppServ\www\yii\framework\web\CController.php(257): CController->runActionWithFilters(Object(CInlineAction), Array)
#6 D:\AppServ\www\yii\framework\web\CWebApplication.php(277): CController->run('')
#7 D:\AppServ\www\yii\framework\web\CWebApplication.php(136): CWebApplication->runController('testemail')
#8 D:\AppServ\www\yii\framework\base\CApplication.php(158): CWebApplication->processRequest()
#9 D:\AppServ\www\LUANVAN\index.php(13): CApplication->run()
#10 {main} REQUEST_URI=/luanvan/?r=testemail
2012/06/22 11:13:11 [error] [exception.SoapFault] SoapFault exception: [soapenv:Server] unknown in D:\AppServ\www\LUANVAN\protected\controllers\TestEmailController.php:9
Stack trace:
#0 [internal function]: SoapClient->__call('add', Array)
#1 D:\AppServ\www\LUANVAN\protected\controllers\TestEmailController.php(9): SoapClient->add(Array)
#2 D:\AppServ\www\yii\framework\web\actions\CInlineAction.php(50): TestEmailController->actionIndex()
#3 D:\AppServ\www\yii\framework\web\CController.php(300): CInlineAction->runWithParams(Array)
#4 D:\AppServ\www\yii\framework\web\CController.php(278): CController->runAction(Object(CInlineAction))
#5 D:\AppServ\www\yii\framework\web\CController.php(257): CController->runActionWithFilters(Object(CInlineAction), Array)
#6 D:\AppServ\www\yii\framework\web\CWebApplication.php(277): CController->run('')
#7 D:\AppServ\www\yii\framework\web\CWebApplication.php(136): CWebApplication->runController('testemail')
#8 D:\AppServ\www\yii\framework\base\CApplication.php(158): CWebApplication->processRequest()
#9 D:\AppServ\www\LUANVAN\index.php(13): CApplication->run()
#10 {main} REQUEST_URI=/luanvan/?r=testemail
2012/06/22 11:22:37 [error] [exception.SoapFault] SoapFault exception: [soapenv:Server] unknown in D:\AppServ\www\LUANVAN\protected\controllers\TestEmailController.php:9
Stack trace:
#0 [internal function]: SoapClient->__call('add', Array)
#1 D:\AppServ\www\LUANVAN\protected\controllers\TestEmailController.php(9): SoapClient->add(Array)
#2 D:\AppServ\www\yii\framework\web\actions\CInlineAction.php(50): TestEmailController->actionIndex()
#3 D:\AppServ\www\yii\framework\web\CController.php(300): CInlineAction->runWithParams(Array)
#4 D:\AppServ\www\yii\framework\web\CController.php(278): CController->runAction(Object(CInlineAction))
#5 D:\AppServ\www\yii\framework\web\CController.php(257): CController->runActionWithFilters(Object(CInlineAction), Array)
#6 D:\AppServ\www\yii\framework\web\CWebApplication.php(277): CController->run('')
#7 D:\AppServ\www\yii\framework\web\CWebApplication.php(136): CWebApplication->runController('testemail')
#8 D:\AppServ\www\yii\framework\base\CApplication.php(158): CWebApplication->processRequest()
#9 D:\AppServ\www\LUANVAN\index.php(13): CApplication->run()
#10 {main} REQUEST_URI=/luanvan/?r=testemail
2012/06/22 11:48:39 [error] [php] SoapClient::SoapClient() expects parameter 2 to be array, boolean given (D:\AppServ\www\LUANVAN\protected\controllers\TestEmailController.php:12)
Stack trace:
#0 D:\AppServ\www\yii\framework\web\CController.php(300): CInlineAction->runWithParams()
#1 D:\AppServ\www\yii\framework\web\CController.php(278): TestEmailController->runAction()
#2 D:\AppServ\www\yii\framework\web\CController.php(257): TestEmailController->runActionWithFilters()
#3 D:\AppServ\www\yii\framework\web\CWebApplication.php(277): TestEmailController->run()
#4 D:\AppServ\www\yii\framework\web\CWebApplication.php(136): CWebApplication->runController()
#5 D:\AppServ\www\yii\framework\base\CApplication.php(158): CWebApplication->processRequest()
#6 D:\AppServ\www\LUANVAN\index.php(13): CWebApplication->run()
REQUEST_URI=/luanvan/?r=testemail
in D:\AppServ\www\LUANVAN\protected\controllers\TestEmailController.php (12)
in D:\AppServ\www\LUANVAN\index.php (13)
2012/06/22 11:49:58 [error] [php] SoapClient::SoapClient() expects parameter 2 to be array, boolean given (D:\AppServ\www\LUANVAN\protected\controllers\TestEmailController.php:12)
Stack trace:
#0 D:\AppServ\www\yii\framework\web\CController.php(300): CInlineAction->runWithParams()
#1 D:\AppServ\www\yii\framework\web\CController.php(278): TestEmailController->runAction()
#2 D:\AppServ\www\yii\framework\web\CController.php(257): TestEmailController->runActionWithFilters()
#3 D:\AppServ\www\yii\framework\web\CWebApplication.php(277): TestEmailController->run()
#4 D:\AppServ\www\yii\framework\web\CWebApplication.php(136): CWebApplication->runController()
#5 D:\AppServ\www\yii\framework\base\CApplication.php(158): CWebApplication->processRequest()
#6 D:\AppServ\www\LUANVAN\index.php(13): CWebApplication->run()
REQUEST_URI=/luanvan/?r=testemail
in D:\AppServ\www\LUANVAN\protected\controllers\TestEmailController.php (12)
in D:\AppServ\www\LUANVAN\index.php (13)
2012/06/22 11:49:58 [error] [php] SoapClient::SoapClient() expects parameter 2 to be array, boolean given (D:\AppServ\www\LUANVAN\protected\controllers\TestEmailController.php:12)
Stack trace:
#0 D:\AppServ\www\yii\framework\web\CController.php(300): CInlineAction->runWithParams()
#1 D:\AppServ\www\yii\framework\web\CController.php(278): TestEmailController->runAction()
#2 D:\AppServ\www\yii\framework\web\CController.php(257): TestEmailController->runActionWithFilters()
#3 D:\AppServ\www\yii\framework\web\CWebApplication.php(277): TestEmailController->run()
#4 D:\AppServ\www\yii\framework\web\CWebApplication.php(136): CWebApplication->runController()
#5 D:\AppServ\www\yii\framework\base\CApplication.php(158): CWebApplication->processRequest()
#6 D:\AppServ\www\LUANVAN\index.php(13): CWebApplication->run()
REQUEST_URI=/luanvan/?r=testemail
in D:\AppServ\www\LUANVAN\protected\controllers\TestEmailController.php (12)
in D:\AppServ\www\LUANVAN\index.php (13)
2012/06/22 11:49:58 [error] [php] SoapClient::SoapClient() expects parameter 2 to be array, boolean given (D:\AppServ\www\LUANVAN\protected\controllers\TestEmailController.php:12)
Stack trace:
#0 D:\AppServ\www\yii\framework\web\CController.php(300): CInlineAction->runWithParams()
#1 D:\AppServ\www\yii\framework\web\CController.php(278): TestEmailController->runAction()
#2 D:\AppServ\www\yii\framework\web\CController.php(257): TestEmailController->runActionWithFilters()
#3 D:\AppServ\www\yii\framework\web\CWebApplication.php(277): TestEmailController->run()
#4 D:\AppServ\www\yii\framework\web\CWebApplication.php(136): CWebApplication->runController()
#5 D:\AppServ\www\yii\framework\base\CApplication.php(158): CWebApplication->processRequest()
#6 D:\AppServ\www\LUANVAN\index.php(13): CWebApplication->run()
REQUEST_URI=/luanvan/?r=testemail
in D:\AppServ\www\LUANVAN\protected\controllers\TestEmailController.php (12)
in D:\AppServ\www\LUANVAN\index.php (13)
2012/06/22 11:49:59 [error] [php] SoapClient::SoapClient() expects parameter 2 to be array, boolean given (D:\AppServ\www\LUANVAN\protected\controllers\TestEmailController.php:12)
Stack trace:
#0 D:\AppServ\www\yii\framework\web\CController.php(300): CInlineAction->runWithParams()
#1 D:\AppServ\www\yii\framework\web\CController.php(278): TestEmailController->runAction()
#2 D:\AppServ\www\yii\framework\web\CController.php(257): TestEmailController->runActionWithFilters()
#3 D:\AppServ\www\yii\framework\web\CWebApplication.php(277): TestEmailController->run()
#4 D:\AppServ\www\yii\framework\web\CWebApplication.php(136): CWebApplication->runController()
#5 D:\AppServ\www\yii\framework\base\CApplication.php(158): CWebApplication->processRequest()
#6 D:\AppServ\www\LUANVAN\index.php(13): CWebApplication->run()
REQUEST_URI=/luanvan/?r=testemail
in D:\AppServ\www\LUANVAN\protected\controllers\TestEmailController.php (12)
in D:\AppServ\www\LUANVAN\index.php (13)
2012/06/22 11:49:59 [error] [php] SoapClient::SoapClient() expects parameter 2 to be array, boolean given (D:\AppServ\www\LUANVAN\protected\controllers\TestEmailController.php:12)
Stack trace:
#0 D:\AppServ\www\yii\framework\web\CController.php(300): CInlineAction->runWithParams()
#1 D:\AppServ\www\yii\framework\web\CController.php(278): TestEmailController->runAction()
#2 D:\AppServ\www\yii\framework\web\CController.php(257): TestEmailController->runActionWithFilters()
#3 D:\AppServ\www\yii\framework\web\CWebApplication.php(277): TestEmailController->run()
#4 D:\AppServ\www\yii\framework\web\CWebApplication.php(136): CWebApplication->runController()
#5 D:\AppServ\www\yii\framework\base\CApplication.php(158): CWebApplication->processRequest()
#6 D:\AppServ\www\LUANVAN\index.php(13): CWebApplication->run()
REQUEST_URI=/luanvan/?r=testemail
in D:\AppServ\www\LUANVAN\protected\controllers\TestEmailController.php (12)
in D:\AppServ\www\LUANVAN\index.php (13)
2012/06/22 11:49:59 [error] [php] SoapClient::SoapClient() expects parameter 2 to be array, boolean given (D:\AppServ\www\LUANVAN\protected\controllers\TestEmailController.php:12)
Stack trace:
#0 D:\AppServ\www\yii\framework\web\CController.php(300): CInlineAction->runWithParams()
#1 D:\AppServ\www\yii\framework\web\CController.php(278): TestEmailController->runAction()
#2 D:\AppServ\www\yii\framework\web\CController.php(257): TestEmailController->runActionWithFilters()
#3 D:\AppServ\www\yii\framework\web\CWebApplication.php(277): TestEmailController->run()
#4 D:\AppServ\www\yii\framework\web\CWebApplication.php(136): CWebApplication->runController()
#5 D:\AppServ\www\yii\framework\base\CApplication.php(158): CWebApplication->processRequest()
#6 D:\AppServ\www\LUANVAN\index.php(13): CWebApplication->run()
REQUEST_URI=/luanvan/?r=testemail
in D:\AppServ\www\LUANVAN\protected\controllers\TestEmailController.php (12)
in D:\AppServ\www\LUANVAN\index.php (13)
2012/06/22 11:49:59 [error] [php] SoapClient::SoapClient() expects parameter 2 to be array, boolean given (D:\AppServ\www\LUANVAN\protected\controllers\TestEmailController.php:12)
Stack trace:
#0 D:\AppServ\www\yii\framework\web\CController.php(300): CInlineAction->runWithParams()
#1 D:\AppServ\www\yii\framework\web\CController.php(278): TestEmailController->runAction()
#2 D:\AppServ\www\yii\framework\web\CController.php(257): TestEmailController->runActionWithFilters()
#3 D:\AppServ\www\yii\framework\web\CWebApplication.php(277): TestEmailController->run()
#4 D:\AppServ\www\yii\framework\web\CWebApplication.php(136): CWebApplication->runController()
#5 D:\AppServ\www\yii\framework\base\CApplication.php(158): CWebApplication->processRequest()
#6 D:\AppServ\www\LUANVAN\index.php(13): CWebApplication->run()
REQUEST_URI=/luanvan/?r=testemail
in D:\AppServ\www\LUANVAN\protected\controllers\TestEmailController.php (12)
in D:\AppServ\www\LUANVAN\index.php (13)
2012/06/22 11:49:59 [error] [php] SoapClient::SoapClient() expects parameter 2 to be array, boolean given (D:\AppServ\www\LUANVAN\protected\controllers\TestEmailController.php:12)
Stack trace:
#0 D:\AppServ\www\yii\framework\web\CController.php(300): CInlineAction->runWithParams()
#1 D:\AppServ\www\yii\framework\web\CController.php(278): TestEmailController->runAction()
#2 D:\AppServ\www\yii\framework\web\CController.php(257): TestEmailController->runActionWithFilters()
#3 D:\AppServ\www\yii\framework\web\CWebApplication.php(277): TestEmailController->run()
#4 D:\AppServ\www\yii\framework\web\CWebApplication.php(136): CWebApplication->runController()
#5 D:\AppServ\www\yii\framework\base\CApplication.php(158): CWebApplication->processRequest()
#6 D:\AppServ\www\LUANVAN\index.php(13): CWebApplication->run()
REQUEST_URI=/luanvan/?r=testemail
in D:\AppServ\www\LUANVAN\protected\controllers\TestEmailController.php (12)
in D:\AppServ\www\LUANVAN\index.php (13)
2012/06/22 11:49:59 [error] [php] SoapClient::SoapClient() expects parameter 2 to be array, boolean given (D:\AppServ\www\LUANVAN\protected\controllers\TestEmailController.php:12)
Stack trace:
#0 D:\AppServ\www\yii\framework\web\CController.php(300): CInlineAction->runWithParams()
#1 D:\AppServ\www\yii\framework\web\CController.php(278): TestEmailController->runAction()
#2 D:\AppServ\www\yii\framework\web\CController.php(257): TestEmailController->runActionWithFilters()
#3 D:\AppServ\www\yii\framework\web\CWebApplication.php(277): TestEmailController->run()
#4 D:\AppServ\www\yii\framework\web\CWebApplication.php(136): CWebApplication->runController()
#5 D:\AppServ\www\yii\framework\base\CApplication.php(158): CWebApplication->processRequest()
#6 D:\AppServ\www\LUANVAN\index.php(13): CWebApplication->run()
REQUEST_URI=/luanvan/?r=testemail
in D:\AppServ\www\LUANVAN\protected\controllers\TestEmailController.php (12)
in D:\AppServ\www\LUANVAN\index.php (13)
2012/06/22 11:53:48 [error] [php] SoapClient::SoapClient() expects parameter 2 to be array, boolean given (D:\AppServ\www\LUANVAN\protected\controllers\TestEmailController.php:13)
Stack trace:
#0 D:\AppServ\www\yii\framework\web\CController.php(300): CInlineAction->runWithParams()
#1 D:\AppServ\www\yii\framework\web\CController.php(278): TestEmailController->runAction()
#2 D:\AppServ\www\yii\framework\web\CController.php(257): TestEmailController->runActionWithFilters()
#3 D:\AppServ\www\yii\framework\web\CWebApplication.php(277): TestEmailController->run()
#4 D:\AppServ\www\yii\framework\web\CWebApplication.php(136): CWebApplication->runController()
#5 D:\AppServ\www\yii\framework\base\CApplication.php(158): CWebApplication->processRequest()
#6 D:\AppServ\www\LUANVAN\index.php(13): CWebApplication->run()
REQUEST_URI=/luanvan/?r=testemail
in D:\AppServ\www\LUANVAN\protected\controllers\TestEmailController.php (13)
in D:\AppServ\www\LUANVAN\index.php (13)
2012/06/22 11:57:47 [error] [exception.SoapFault] SoapFault exception: [Client] Function ("call") is not a valid method for this service in D:\AppServ\www\LUANVAN\protected\controllers\TestEmailController.php:14
Stack trace:
#0 [internal function]: SoapClient->__call('call', Array)
#1 D:\AppServ\www\LUANVAN\protected\controllers\TestEmailController.php(14): SoapClient->call('add', Array, 'http://mypack', '', false, NULL, 'rpc', 'encoded')
#2 D:\AppServ\www\yii\framework\web\actions\CInlineAction.php(50): TestEmailController->actionIndex()
#3 D:\AppServ\www\yii\framework\web\CController.php(300): CInlineAction->runWithParams(Array)
#4 D:\AppServ\www\yii\framework\web\CController.php(278): CController->runAction(Object(CInlineAction))
#5 D:\AppServ\www\yii\framework\web\CController.php(257): CController->runActionWithFilters(Object(CInlineAction), Array)
#6 D:\AppServ\www\yii\framework\web\CWebApplication.php(277): CController->run('')
#7 D:\AppServ\www\yii\framework\web\CWebApplication.php(136): CWebApplication->runController('testemail')
#8 D:\AppServ\www\yii\framework\base\CApplication.php(158): CWebApplication->processRequest()
#9 D:\AppServ\www\LUANVAN\index.php(13): CApplication->run()
#10 {main} REQUEST_URI=/luanvan/?r=testemail
2012/07/01 23:25:42 [error] [exception.CException] exception 'CException' with message 'Property "User.id" is not defined.' in D:\AppServ\www\yii\framework\base\CComponent.php:131
Stack trace:
#0 D:\AppServ\www\yii\framework\db\ar\CActiveRecord.php(129): CComponent->__get('id')
#1 D:\AppServ\www\LUANVAN\protected\components\UserIdentity.php(28): CActiveRecord->__get('id')
#2 D:\AppServ\www\LUANVAN\protected\models\LoginForm.php(52): UserIdentity->authenticate()
#3 D:\AppServ\www\yii\framework\validators\CInlineValidator.php(39): LoginForm->authenticate('password', Array)
#4 D:\AppServ\www\yii\framework\validators\CValidator.php(192): CInlineValidator->validateAttribute(Object(LoginForm), 'password')
#5 D:\AppServ\www\yii\framework\base\CModel.php(152): CValidator->validate(Object(LoginForm), NULL)
#6 D:\AppServ\www\LUANVAN\protected\controllers\SiteController.php(88): CModel->validate()
#7 D:\AppServ\www\yii\framework\web\actions\CInlineAction.php(50): SiteController->actionLogin()
#8 D:\AppServ\www\yii\framework\web\CController.php(300): CInlineAction->runWithParams(Array)
#9 D:\AppServ\www\yii\framework\web\CController.php(278): CController->runAction(Object(CInlineAction))
#10 D:\AppServ\www\yii\framework\web\CController.php(257): CController->runActionWithFilters(Object(CInlineAction), Array)
#11 D:\AppServ\www\yii\framework\web\CWebApplication.php(277): CController->run('login')
#12 D:\AppServ\www\yii\framework\web\CWebApplication.php(136): CWebApplication->runController('site/login')
#13 D:\AppServ\www\yii\framework\base\CApplication.php(158): CWebApplication->processRequest()
#14 D:\AppServ\www\LUANVAN\index.php(13): CApplication->run()
#15 {main} REQUEST_URI=/luanvan/index.php?r=site/login
2012/07/07 22:35:34 [error] [exception.CHttpException.403] exception 'CHttpException' with message 'You are not authorized to perform this action.' in D:\AppServ\www\yii\framework\web\auth\CAccessControlFilter.php:158
Stack trace:
#0 D:\AppServ\www\yii\framework\web\auth\CAccessControlFilter.php(120): CAccessControlFilter->accessDenied(Object(CWebUser), 'You are not aut...')
#1 D:\AppServ\www\yii\framework\web\filters\CFilter.php(39): CAccessControlFilter->preFilter(Object(CFilterChain))
#2 D:\AppServ\www\yii\framework\web\CController.php(1144): CFilter->filter(Object(CFilterChain))
#3 D:\AppServ\www\yii\framework\web\filters\CInlineFilter.php(59): CController->filterAccessControl(Object(CFilterChain))
#4 D:\AppServ\www\yii\framework\web\filters\CFilterChain.php(131): CInlineFilter->filter(Object(CFilterChain))
#5 D:\AppServ\www\yii\framework\web\CController.php(283): CFilterChain->run()
#6 D:\AppServ\www\yii\framework\web\CController.php(257): CController->runActionWithFilters(Object(CInlineAction), Array)
#7 D:\AppServ\www\yii\framework\web\CWebApplication.php(277): CController->run('register')
#8 D:\AppServ\www\yii\framework\web\CWebApplication.php(136): CWebApplication->runController('user/register')
#9 D:\AppServ\www\yii\framework\base\CApplication.php(158): CWebApplication->processRequest()
#10 D:\AppServ\www\LUANVAN\index.php(13): CApplication->run()
#11 {main} REQUEST_URI=/luanvan/index.php?r=user/register
2012/07/07 22:37:33 [error] [php] include(header.php) [<a href='function.include'>function.include</a>]: failed to open stream: No such file or directory (D:\AppServ\www\LUANVAN\protected\views\user\register.php:3)
Stack trace:
#0 D:\AppServ\www\yii\framework\web\CBaseController.php(88): UserController->renderInternal()
#1 D:\AppServ\www\yii\framework\web\CController.php(866): UserController->renderFile()
#2 D:\AppServ\www\yii\framework\web\CController.php(779): UserController->renderPartial()
#3 D:\AppServ\www\LUANVAN\protected\controllers\UserController.php(51): UserController->render()
#4 D:\AppServ\www\yii\framework\web\actions\CInlineAction.php(50): UserController->actionRegister()
#5 D:\AppServ\www\yii\framework\web\CController.php(300): CInlineAction->runWithParams()
#6 D:\AppServ\www\yii\framework\web\filters\CFilterChain.php(134): UserController->runAction()
#7 D:\AppServ\www\yii\framework\web\filters\CFilter.php(41): CFilterChain->run()
#8 D:\AppServ\www\yii\framework\web\CController.php(1144): CAccessControlFilter->filter()
#9 D:\AppServ\www\yii\framework\web\filters\CInlineFilter.php(59): UserController->filterAccessControl()
#10 D:\AppServ\www\yii\framework\web\filters\CFilterChain.php(131): CInlineFilter->filter()
#11 D:\AppServ\www\yii\framework\web\CController.php(283): CFilterChain->run()
#12 D:\AppServ\www\yii\framework\web\CController.php(257): UserController->runActionWithFilters()
#13 D:\AppServ\www\yii\framework\web\CWebApplication.php(277): UserController->run()
#14 D:\AppServ\www\yii\framework\web\CWebApplication.php(136): CWebApplication->runController()
#15 D:\AppServ\www\yii\framework\base\CApplication.php(158): CWebApplication->processRequest()
#16 D:\AppServ\www\LUANVAN\index.php(13): CWebApplication->run()
REQUEST_URI=/luanvan/index.php?r=user/register
in D:\AppServ\www\LUANVAN\protected\views\user\register.php (3)
in D:\AppServ\www\LUANVAN\protected\views\user\register.php (3)
in D:\AppServ\www\LUANVAN\protected\controllers\UserController.php (51)
2012/07/08 17:52:55 [error] [exception.CDbException] exception 'CDbException' with message 'CDbConnection failed to open the DB connection: SQLSTATE[HY000] [2003] Can't connect to MySQL server on 'localhost' (10061)' in D:\AppServ\www\yii\framework\db\CDbConnection.php:364
Stack trace:
#0 D:\AppServ\www\yii\framework\db\CDbConnection.php(313): CDbConnection->open()
#1 D:\AppServ\www\yii\framework\db\CDbConnection.php(291): CDbConnection->setActive(true)
#2 D:\AppServ\www\yii\framework\base\CModule.php(372): CDbConnection->init()
#3 D:\AppServ\www\yii\framework\base\CApplication.php(429): CModule->getComponent('db')
#4 D:\AppServ\www\yii\framework\db\ar\CActiveRecord.php(609): CApplication->getDb()
#5 D:\AppServ\www\yii\framework\db\ar\CActiveRecord.php(2275): CActiveRecord->getDbConnection()
#6 D:\AppServ\www\yii\framework\db\ar\CActiveRecord.php(372): CActiveRecordMetaData->__construct(Object(User))
#7 D:\AppServ\www\yii\framework\db\ar\CActiveRecord.php(387): CActiveRecord::model('User')
#8 D:\AppServ\www\yii\framework\db\ar\CActiveRecord.php(62): CActiveRecord->getMetaData()
#9 D:\AppServ\www\LUANVAN\protected\controllers\UserController.php(51): CActiveRecord->__construct()
#10 D:\AppServ\www\yii\framework\web\actions\CInlineAction.php(50): UserController->actionRegister()
#11 D:\AppServ\www\yii\framework\web\CController.php(300): CInlineAction->runWithParams(Array)
#12 D:\AppServ\www\yii\framework\web\filters\CFilterChain.php(134): CController->runAction(Object(CInlineAction))
#13 D:\AppServ\www\yii\framework\web\filters\CFilter.php(41): CFilterChain->run()
#14 D:\AppServ\www\yii\framework\web\CController.php(1144): CFilter->filter(Object(CFilterChain))
#15 D:\AppServ\www\yii\framework\web\filters\CInlineFilter.php(59): CController->filterAccessControl(Object(CFilterChain))
#16 D:\AppServ\www\yii\framework\web\filters\CFilterChain.php(131): CInlineFilter->filter(Object(CFilterChain))
#17 D:\AppServ\www\yii\framework\web\CController.php(283): CFilterChain->run()
#18 D:\AppServ\www\yii\framework\web\CController.php(257): CController->runActionWithFilters(Object(CInlineAction), Array)
#19 D:\AppServ\www\yii\framework\web\CWebApplication.php(277): CController->run('register')
#20 D:\AppServ\www\yii\framework\web\CWebApplication.php(136): CWebApplication->runController('user/register')
#21 D:\AppServ\www\yii\framework\base\CApplication.php(158): CWebApplication->processRequest()
#22 D:\AppServ\www\LUANVAN\index.php(13): CApplication->run()
#23 {main} REQUEST_URI=/luanvan/?r=user/register
2012/07/08 21:53:54 [error] [exception.CHttpException.400] exception 'CHttpException' with message 'Your request is invalid.' in D:\AppServ\www\yii\framework\web\CController.php:337
Stack trace:
#0 D:\AppServ\www\yii\framework\web\CController.php(310): CController->invalidActionParams(Object(CInlineAction))
#1 D:\AppServ\www\yii\framework\web\filters\CFilterChain.php(134): CController->runAction(Object(CInlineAction))
#2 D:\AppServ\www\yii\framework\web\filters\CFilter.php(41): CFilterChain->run()
#3 D:\AppServ\www\yii\framework\web\CController.php(1146): CFilter->filter(Object(CFilterChain))
#4 D:\AppServ\www\yii\framework\web\filters\CInlineFilter.php(59): CController->filterAccessControl(Object(CFilterChain))
#5 D:\AppServ\www\yii\framework\web\filters\CFilterChain.php(131): CInlineFilter->filter(Object(CFilterChain))
#6 D:\AppServ\www\yii\framework\web\CController.php(292): CFilterChain->run()
#7 D:\AppServ\www\yii\framework\web\CController.php(266): CController->runActionWithFilters(Object(CInlineAction), Array)
#8 D:\AppServ\www\yii\framework\web\CWebApplication.php(276): CController->run('register')
#9 D:\AppServ\www\yii\framework\web\CWebApplication.php(135): CWebApplication->runController('user/register')
#10 D:\AppServ\www\yii\framework\base\CApplication.php(162): CWebApplication->processRequest()
#11 D:\AppServ\www\LUANVAN\index.php(13): CApplication->run()
#12 {main}
REQUEST_URI=/luanvan/?r=user/register
---
2012/07/08 21:53:56 [error] [exception.CHttpException.400] exception 'CHttpException' with message 'Your request is invalid.' in D:\AppServ\www\yii\framework\web\CController.php:337
Stack trace:
#0 D:\AppServ\www\yii\framework\web\CController.php(310): CController->invalidActionParams(Object(CInlineAction))
#1 D:\AppServ\www\yii\framework\web\filters\CFilterChain.php(134): CController->runAction(Object(CInlineAction))
#2 D:\AppServ\www\yii\framework\web\filters\CFilter.php(41): CFilterChain->run()
#3 D:\AppServ\www\yii\framework\web\CController.php(1146): CFilter->filter(Object(CFilterChain))
#4 D:\AppServ\www\yii\framework\web\filters\CInlineFilter.php(59): CController->filterAccessControl(Object(CFilterChain))
#5 D:\AppServ\www\yii\framework\web\filters\CFilterChain.php(131): CInlineFilter->filter(Object(CFilterChain))
#6 D:\AppServ\www\yii\framework\web\CController.php(292): CFilterChain->run()
#7 D:\AppServ\www\yii\framework\web\CController.php(266): CController->runActionWithFilters(Object(CInlineAction), Array)
#8 D:\AppServ\www\yii\framework\web\CWebApplication.php(276): CController->run('register')
#9 D:\AppServ\www\yii\framework\web\CWebApplication.php(135): CWebApplication->runController('user/register')
#10 D:\AppServ\www\yii\framework\base\CApplication.php(162): CWebApplication->processRequest()
#11 D:\AppServ\www\LUANVAN\index.php(13): CApplication->run()
#12 {main}
REQUEST_URI=/luanvan/?r=user/register
---
2012/07/08 21:54:42 [error] [exception.CHttpException.400] exception 'CHttpException' with message 'Your request is invalid.' in D:\AppServ\www\yii\framework\web\CController.php:337
Stack trace:
#0 D:\AppServ\www\yii\framework\web\CController.php(310): CController->invalidActionParams(Object(CInlineAction))
#1 D:\AppServ\www\yii\framework\web\filters\CFilterChain.php(134): CController->runAction(Object(CInlineAction))
#2 D:\AppServ\www\yii\framework\web\filters\CFilter.php(41): CFilterChain->run()
#3 D:\AppServ\www\yii\framework\web\CController.php(1146): CFilter->filter(Object(CFilterChain))
#4 D:\AppServ\www\yii\framework\web\filters\CInlineFilter.php(59): CController->filterAccessControl(Object(CFilterChain))
#5 D:\AppServ\www\yii\framework\web\filters\CFilterChain.php(131): CInlineFilter->filter(Object(CFilterChain))
#6 D:\AppServ\www\yii\framework\web\CController.php(292): CFilterChain->run()
#7 D:\AppServ\www\yii\framework\web\CController.php(266): CController->runActionWithFilters(Object(CInlineAction), Array)
#8 D:\AppServ\www\yii\framework\web\CWebApplication.php(276): CController->run('register')
#9 D:\AppServ\www\yii\framework\web\CWebApplication.php(135): CWebApplication->runController('user/register')
#10 D:\AppServ\www\yii\framework\base\CApplication.php(162): CWebApplication->processRequest()
#11 D:\AppServ\www\LUANVAN\index.php(13): CApplication->run()
#12 {main}
REQUEST_URI=/luanvan/?r=user/register
---
2012/07/08 21:54:44 [error] [exception.CHttpException.400] exception 'CHttpException' with message 'Your request is invalid.' in D:\AppServ\www\yii\framework\web\CController.php:337
Stack trace:
#0 D:\AppServ\www\yii\framework\web\CController.php(310): CController->invalidActionParams(Object(CInlineAction))
#1 D:\AppServ\www\yii\framework\web\filters\CFilterChain.php(134): CController->runAction(Object(CInlineAction))
#2 D:\AppServ\www\yii\framework\web\filters\CFilter.php(41): CFilterChain->run()
#3 D:\AppServ\www\yii\framework\web\CController.php(1146): CFilter->filter(Object(CFilterChain))
#4 D:\AppServ\www\yii\framework\web\filters\CInlineFilter.php(59): CController->filterAccessControl(Object(CFilterChain))
#5 D:\AppServ\www\yii\framework\web\filters\CFilterChain.php(131): CInlineFilter->filter(Object(CFilterChain))
#6 D:\AppServ\www\yii\framework\web\CController.php(292): CFilterChain->run()
#7 D:\AppServ\www\yii\framework\web\CController.php(266): CController->runActionWithFilters(Object(CInlineAction), Array)
#8 D:\AppServ\www\yii\framework\web\CWebApplication.php(276): CController->run('register')
#9 D:\AppServ\www\yii\framework\web\CWebApplication.php(135): CWebApplication->runController('user/register')
#10 D:\AppServ\www\yii\framework\base\CApplication.php(162): CWebApplication->processRequest()
#11 D:\AppServ\www\LUANVAN\index.php(13): CApplication->run()
#12 {main}
REQUEST_URI=/luanvan/?r=user/register
---
2012/07/08 22:06:16 [error] [exception.CHttpException.400] exception 'CHttpException' with message 'Your request is invalid.' in D:\AppServ\www\yii\framework\web\CController.php:337
Stack trace:
#0 D:\AppServ\www\yii\framework\web\CController.php(310): CController->invalidActionParams(Object(CInlineAction))
#1 D:\AppServ\www\yii\framework\web\filters\CFilterChain.php(134): CController->runAction(Object(CInlineAction))
#2 D:\AppServ\www\yii\framework\web\filters\CFilter.php(41): CFilterChain->run()
#3 D:\AppServ\www\yii\framework\web\CController.php(1146): CFilter->filter(Object(CFilterChain))
#4 D:\AppServ\www\yii\framework\web\filters\CInlineFilter.php(59): CController->filterAccessControl(Object(CFilterChain))
#5 D:\AppServ\www\yii\framework\web\filters\CFilterChain.php(131): CInlineFilter->filter(Object(CFilterChain))
#6 D:\AppServ\www\yii\framework\web\CController.php(292): CFilterChain->run()
#7 D:\AppServ\www\yii\framework\web\CController.php(266): CController->runActionWithFilters(Object(CInlineAction), Array)
#8 D:\AppServ\www\yii\framework\web\CWebApplication.php(276): CController->run('register')
#9 D:\AppServ\www\yii\framework\web\CWebApplication.php(135): CWebApplication->runController('user/register')
#10 D:\AppServ\www\yii\framework\base\CApplication.php(162): CWebApplication->processRequest()
#11 D:\AppServ\www\LUANVAN\index.php(13): CApplication->run()
#12 {main}
REQUEST_URI=/luanvan/?r=user/register
---
2012/07/08 22:08:36 [error] [exception.CHttpException.400] exception 'CHttpException' with message 'Your request is invalid.' in D:\AppServ\www\yii\framework\web\CController.php:337
Stack trace:
#0 D:\AppServ\www\yii\framework\web\CController.php(310): CController->invalidActionParams(Object(CInlineAction))
#1 D:\AppServ\www\yii\framework\web\filters\CFilterChain.php(134): CController->runAction(Object(CInlineAction))
#2 D:\AppServ\www\yii\framework\web\filters\CFilter.php(41): CFilterChain->run()
#3 D:\AppServ\www\yii\framework\web\CController.php(1146): CFilter->filter(Object(CFilterChain))
#4 D:\AppServ\www\yii\framework\web\filters\CInlineFilter.php(59): CController->filterAccessControl(Object(CFilterChain))
#5 D:\AppServ\www\yii\framework\web\filters\CFilterChain.php(131): CInlineFilter->filter(Object(CFilterChain))
#6 D:\AppServ\www\yii\framework\web\CController.php(292): CFilterChain->run()
#7 D:\AppServ\www\yii\framework\web\CController.php(266): CController->runActionWithFilters(Object(CInlineAction), Array)
#8 D:\AppServ\www\yii\framework\web\CWebApplication.php(276): CController->run('register')
#9 D:\AppServ\www\yii\framework\web\CWebApplication.php(135): CWebApplication->runController('user/register')
#10 D:\AppServ\www\yii\framework\base\CApplication.php(162): CWebApplication->processRequest()
#11 D:\AppServ\www\LUANVAN\index.php(13): CApplication->run()
#12 {main}
REQUEST_URI=/luanvan/?r=user/register
---
